<?xml version="1.0" encoding="UTF-8"?>
<!-- Generated by org.testng.reporters.JUnitReportReporter -->
<testsuite hostname="Priya-LAPTOP-1TGV3P3L" failures="0" tests="5" name="testScripts.DanubeExercise" time="10.457" errors="0" timestamp="2023-03-03T13:06:57 IST" skipped="0">
  <testcase classname="testScripts.DanubeExercise" name="Checkout" time="0.838"/>
  <system-out/>
  <testcase classname="testScripts.DanubeExercise" name="signup" time="1.091"/>
  <system-out/>
  <testcase classname="testScripts.DanubeExercise" name="launch" time="6.658"/>
  <system-out/>
  <testcase classname="testScripts.DanubeExercise" name="searchItem" time="1.285"/>
  <system-out/>
  <testcase classname="testScripts.DanubeExercise" name="AddtoCart" time="0.585"/>
  <system-out/>
</testsuite> <!-- testScripts.DanubeExercise -->
