<?xml version="1.0" encoding="UTF-8"?>
<!-- Generated by org.testng.reporters.JUnitReportReporter -->
<testsuite hostname="Priya-LAPTOP-1TGV3P3L" failures="0" tests="4" name="parallelScripts.SampleThreeTest" time="0.021" errors="0" timestamp="2023-03-02T19:44:39 IST" skipped="0">
  <testcase classname="parallelScripts.SampleThreeTest" name="testThree" time="0.002"/>
  <system-out/>
  <testcase classname="parallelScripts.SampleThreeTest" name="testOne" time="0.001"/>
  <system-out/>
  <testcase classname="parallelScripts.SampleThreeTest" name="testTwo" time="0.002"/>
  <system-out/>
  <testcase classname="parallelScripts.SampleThreeTest" name="testFour" time="0.016"/>
  <system-out/>
</testsuite> <!-- parallelScripts.SampleThreeTest -->
