<?xml version="1.0" encoding="UTF-8"?>
<!-- Generated by org.testng.reporters.JUnitReportReporter -->
<testsuite hostname="Priya-LAPTOP-1TGV3P3L" failures="0" tests="1" name="testScripts.FileUploadTest" time="10.200" errors="0" timestamp="2023-03-01T20:54:46 IST" skipped="0">
  <testcase classname="testScripts.FileUploadTest" name="fileUploadTest" time="10.200"/>
  <system-out/>
</testsuite> <!-- testScripts.FileUploadTest -->
