<?xml version="1.0" encoding="UTF-8"?>
<!-- Generated by org.testng.reporters.JUnitReportReporter -->
<testsuite hostname="Priya-LAPTOP-1TGV3P3L" failures="0" tests="1" name="testScripts.FileDownloadTest" time="9.780" errors="0" timestamp="2023-03-01T12:25:33 IST" skipped="0">
  <testcase classname="testScripts.FileDownloadTest" name="downloadFile" time="9.780"/>
  <system-out/>
</testsuite> <!-- testScripts.FileDownloadTest -->
